# JRE version: Java(TM) SE Runtime Environment (8.0_251-b08) (build 1.8.0_251-b08)
# Java VM: Java HotSpot(TM) 64-Bit Server VM (25.251-b08 mixed mode windows-amd64 compressed oops)
Heap:
 PSYoungGen      total 150016K, used 96551K [0x00000000d5980000, 0x00000000e2080000, 0x0000000100000000)
  eden space 139264K, 69% used [0x00000000d5980000,0x00000000db7c9c48,0x00000000de180000)
  from space 10752K, 0% used [0x00000000deb80000,0x00000000deb80000,0x00000000df600000)
  to   space 10240K, 0% used [0x00000000de180000,0x00000000de180000,0x00000000deb80000)
 ParOldGen       total 90112K, used 12297K [0x0000000080c00000, 0x0000000086400000, 0x00000000d5980000)
  object space 90112K, 13% used [0x0000000080c00000,0x00000000818027f8,0x0000000086400000)
 Metaspace       used 44125K, capacity 46386K, committed 46592K, reserved 1089536K
  class space    used 5964K, capacity 6359K, committed 6400K, reserved 1048576K
GC Heap History (10 events):
Event: 3.169 GC heap before
{Heap before GC invocations=6 (full 1):
 PSYoungGen      total 71680K, used 5104K [0x00000000d5980000, 0x00000000dec80000, 0x0000000100000000)
  eden space 66560K, 0% used [0x00000000d5980000,0x00000000d5980000,0x00000000d9a80000)
  from space 5120K, 99% used [0x00000000d9a80000,0x00000000d9f7c378,0x00000000d9f80000)
  to   space 8704K, 0% used [0x00000000de400000,0x00000000de400000,0x00000000dec80000)
 ParOldGen       total 87552K, used 5924K [0x0000000080c00000, 0x0000000086180000, 0x00000000d5980000)
  object space 87552K, 6% used [0x0000000080c00000,0x00000000811c92c8,0x0000000086180000)
 Metaspace       used 20317K, capacity 21164K, committed 21296K, reserved 1067008K
  class space    used 2655K, capacity 2866K, committed 2944K, reserved 1048576K
Event: 3.512 GC heap after
Heap after GC invocations=6 (full 1):
 PSYoungGen      total 71680K, used 0K [0x00000000d5980000, 0x00000000dec80000, 0x0000000100000000)
  eden space 66560K, 0% used [0x00000000d5980000,0x00000000d5980000,0x00000000d9a80000)
  from space 5120K, 0% used [0x00000000d9a80000,0x00000000d9a80000,0x00000000d9f80000)
  to   space 8704K, 0% used [0x00000000de400000,0x00000000de400000,0x00000000dec80000)
 ParOldGen       total 59904K, used 7252K [0x0000000080c00000, 0x0000000084680000, 0x00000000d5980000)
  object space 59904K, 12% used [0x0000000080c00000,0x0000000081315320,0x0000000084680000)
 Metaspace       used 20317K, capacity 21164K, committed 21296K, reserved 1067008K
  class space    used 2655K, capacity 2866K, committed 2944K, reserved 1048576K
}
Event: 4.619 GC heap before
{Heap before GC invocations=7 (full 1):
 PSYoungGen      total 71680K, used 66560K [0x00000000d5980000, 0x00000000dec80000, 0x0000000100000000)
  eden space 66560K, 100% used [0x00000000d5980000,0x00000000d9a80000,0x00000000d9a80000)
  from space 5120K, 0% used [0x00000000d9a80000,0x00000000d9a80000,0x00000000d9f80000)
  to   space 8704K, 0% used [0x00000000de400000,0x00000000de400000,0x00000000dec80000)
 ParOldGen       total 59904K, used 7252K [0x0000000080c00000, 0x0000000084680000, 0x00000000d5980000)
  object space 59904K, 12% used [0x0000000080c00000,0x0000000081315320,0x0000000084680000)
 Metaspace       used 24974K, capacity 26110K, committed 26368K, reserved 1073152K
  class space    used 3259K, capacity 3535K, committed 3584K, reserved 1048576K
Event: 4.668 GC heap after
Heap after GC invocations=7 (full 1):
 PSYoungGen      total 105984K, used 7335K [0x00000000d5980000, 0x00000000deb80000, 0x0000000100000000)
  eden space 98304K, 0% used [0x00000000d5980000,0x00000000d5980000,0x00000000db980000)
  from space 7680K, 95% used [0x00000000de400000,0x00000000deb29f80,0x00000000deb80000)
  to   space 8704K, 0% used [0x00000000dda80000,0x00000000dda80000,0x00000000de300000)
 ParOldGen       total 59904K, used 7252K [0x0000000080c00000, 0x0000000084680000, 0x00000000d5980000)
  object space 59904K, 12% used [0x0000000080c00000,0x0000000081315320,0x0000000084680000)
 Metaspace       used 24974K, capacity 26110K, committed 26368K, reserved 1073152K
  class space    used 3259K, capacity 3535K, committed 3584K, reserved 1048576K
}
Event: 6.758 GC heap before
{Heap before GC invocations=8 (full 1):
 PSYoungGen      total 105984K, used 105590K [0x00000000d5980000, 0x00000000deb80000, 0x0000000100000000)
  eden space 98304K, 99% used [0x00000000d5980000,0x00000000db9739e8,0x00000000db980000)
  from space 7680K, 95% used [0x00000000de400000,0x00000000deb29f80,0x00000000deb80000)
  to   space 8704K, 0% used [0x00000000dda80000,0x00000000dda80000,0x00000000de300000)
 ParOldGen       total 59904K, used 7252K [0x0000000080c00000, 0x0000000084680000, 0x00000000d5980000)
  object space 59904K, 12% used [0x0000000080c00000,0x0000000081315320,0x0000000084680000)
 Metaspace       used 31717K, capacity 33680K, committed 33792K, reserved 1079296K
  class space    used 4179K, capacity 4552K, committed 4608K, reserved 1048576K
Event: 6.774 GC heap after
Heap after GC invocations=8 (full 1):
 PSYoungGen      total 140800K, used 8681K [0x00000000d5980000, 0x00000000df600000, 0x0000000100000000)
  eden space 132096K, 0% used [0x00000000d5980000,0x00000000d5980000,0x00000000dda80000)
  from space 8704K, 99% used [0x00000000dda80000,0x00000000de2fa4e0,0x00000000de300000)
  to   space 10752K, 0% used [0x00000000deb80000,0x00000000deb80000,0x00000000df600000)
 ParOldGen       total 59904K, used 8965K [0x0000000080c00000, 0x0000000084680000, 0x00000000d5980000)
  object space 59904K, 14% used [0x0000000080c00000,0x00000000814c1460,0x0000000084680000)
 Metaspace       used 31717K, capacity 33680K, committed 33792K, reserved 1079296K
  class space    used 4179K, capacity 4552K, committed 4608K, reserved 1048576K
}
Event: 7.134 GC heap before
{Heap before GC invocations=9 (full 1):
 PSYoungGen      total 140800K, used 51704K [0x00000000d5980000, 0x00000000df600000, 0x0000000100000000)
  eden space 132096K, 32% used [0x00000000d5980000,0x00000000d8383c00,0x00000000dda80000)
  from space 8704K, 99% used [0x00000000dda80000,0x00000000de2fa4e0,0x00000000de300000)
  to   space 10752K, 0% used [0x00000000deb80000,0x00000000deb80000,0x00000000df600000)
 ParOldGen       total 59904K, used 8965K [0x0000000080c00000, 0x0000000084680000, 0x00000000d5980000)
  object space 59904K, 14% used [0x0000000080c00000,0x00000000814c1460,0x0000000084680000)
 Metaspace       used 33288K, capacity 35368K, committed 35496K, reserved 1079296K
  class space    used 4402K, capacity 4788K, committed 4864K, reserved 1048576K
Event: 7.151 GC heap after
Heap after GC invocations=9 (full 1):
 PSYoungGen      total 150016K, used 7422K [0x00000000d5980000, 0x00000000e2080000, 0x0000000100000000)
  eden space 139264K, 0% used [0x00000000d5980000,0x00000000d5980000,0x00000000de180000)
  from space 10752K, 69% used [0x00000000deb80000,0x00000000df2bfa98,0x00000000df600000)
  to   space 10240K, 0% used [0x00000000de180000,0x00000000de180000,0x00000000deb80000)
 ParOldGen       total 59904K, used 8973K [0x0000000080c00000, 0x0000000084680000, 0x00000000d5980000)
  object space 59904K, 14% used [0x0000000080c00000,0x00000000814c3460,0x0000000084680000)
 Metaspace       used 33288K, capacity 35368K, committed 35496K, reserved 1079296K
  class space    used 4402K, capacity 4788K, committed 4864K, reserved 1048576K
}
Event: 7.151 GC heap before
{Heap before GC invocations=10 (full 2):
 PSYoungGen      total 150016K, used 7422K [0x00000000d5980000, 0x00000000e2080000, 0x0000000100000000)
  eden space 139264K, 0% used [0x00000000d5980000,0x00000000d5980000,0x00000000de180000)
  from space 10752K, 69% used [0x00000000deb80000,0x00000000df2bfa98,0x00000000df600000)
  to   space 10240K, 0% used [0x00000000de180000,0x00000000de180000,0x00000000deb80000)
 ParOldGen       total 59904K, used 8973K [0x0000000080c00000, 0x0000000084680000, 0x00000000d5980000)
  object space 59904K, 14% used [0x0000000080c00000,0x00000000814c3460,0x0000000084680000)
 Metaspace       used 33288K, capacity 35368K, committed 35496K, reserved 1079296K
  class space    used 4402K, capacity 4788K, committed 4864K, reserved 1048576K
Event: 7.244 GC heap after
Heap after GC invocations=10 (full 2):
 PSYoungGen      total 150016K, used 0K [0x00000000d5980000, 0x00000000e2080000, 0x0000000100000000)
  eden space 139264K, 0% used [0x00000000d5980000,0x00000000d5980000,0x00000000de180000)
  from space 10752K, 0% used [0x00000000deb80000,0x00000000deb80000,0x00000000df600000)
  to   space 10240K, 0% used [0x00000000de180000,0x00000000de180000,0x00000000deb80000)
 ParOldGen       total 90112K, used 12297K [0x0000000080c00000, 0x0000000086400000, 0x00000000d5980000)
  object space 90112K, 13% used [0x0000000080c00000,0x00000000818027f8,0x0000000086400000)
 Metaspace       used 33288K, capacity 35368K, committed 35496K, reserved 1079296K
  class space    used 4402K, capacity 4788K, committed 4864K, reserved 1048576K
}

